2024-07-04 01:29:20 - o.s.t.c.s.AnnotationConfigContextLoaderUtils - Could not detect default configuration classes for test class [org.codingdreamtree.awssqsstudy.message.SqsListenerConsumerTest]: SqsListenerConsumerTest does not declare any static, non-private, non-final, nested classes annotated with @Configuration.
2024-07-04 01:29:21 - o.s.b.t.c.SpringBootTestContextBootstrapper - Found @SpringBootConfiguration org.codingdreamtree.awssqsstudy.AwsSqsStudyApplication for test class org.codingdreamtree.awssqsstudy.message.SqsListenerConsumerTest
2024-07-04 01:29:21 - o.testcontainers.images.PullPolicy - Image pull policy will be performed by: DefaultPullPolicy()
2024-07-04 01:29:21 - o.t.utility.ImageNameSubstitutor - Image name substitution will be performed by: DefaultImageNameSubstitutor (composite of 'ConfigurationFileImageNameSubstitutor' and 'PrefixingImageNameSubstitutor')
2024-07-04 01:29:22 - o.t.d.DockerClientProviderStrategy - Loaded org.testcontainers.dockerclient.NpipeSocketClientProviderStrategy from ~/.testcontainers.properties, will try it first
2024-07-04 01:29:23 - o.t.d.DockerClientProviderStrategy - Found Docker environment with local Npipe socket (npipe:////./pipe/docker_engine)
2024-07-04 01:29:23 - o.testcontainers.DockerClientFactory - Docker host IP address is localhost
2024-07-04 01:29:23 - o.testcontainers.DockerClientFactory - Connected to docker: 
  Server Version: 23.0.5
  API Version: 1.42
  Operating System: Docker Desktop
  Total Memory: 7644 MB
2024-07-04 01:29:23 - tc.testcontainers/ryuk:0.7.0 - Pulling docker image: testcontainers/ryuk:0.7.0. Please be patient; this may take some time but only needs to be done once.
2024-07-04 01:29:27 - tc.testcontainers/ryuk:0.7.0 - Starting to pull image
2024-07-04 01:29:27 - tc.testcontainers/ryuk:0.7.0 - Pulling image layers:  0 pending,  0 downloaded,  0 extracted, (0 bytes/0 bytes)
2024-07-04 01:29:29 - tc.testcontainers/ryuk:0.7.0 - Pulling image layers:  2 pending,  1 downloaded,  0 extracted, (341 KB/? MB)
2024-07-04 01:29:29 - tc.testcontainers/ryuk:0.7.0 - Pulling image layers:  1 pending,  2 downloaded,  0 extracted, (5 MB/? MB)
2024-07-04 01:29:29 - tc.testcontainers/ryuk:0.7.0 - Pulling image layers:  0 pending,  3 downloaded,  0 extracted, (6 MB/6 MB)
2024-07-04 01:29:30 - tc.testcontainers/ryuk:0.7.0 - Pulling image layers:  0 pending,  3 downloaded,  1 extracted, (6 MB/6 MB)
2024-07-04 01:29:31 - tc.testcontainers/ryuk:0.7.0 - Pulling image layers:  0 pending,  3 downloaded,  2 extracted, (6 MB/6 MB)
2024-07-04 01:29:31 - tc.testcontainers/ryuk:0.7.0 - Pulling image layers:  0 pending,  3 downloaded,  3 extracted, (6 MB/6 MB)
2024-07-04 01:29:31 - tc.testcontainers/ryuk:0.7.0 - Image testcontainers/ryuk:0.7.0 pull took PT7.7824123S
2024-07-04 01:29:31 - tc.testcontainers/ryuk:0.7.0 - Pull complete. 3 layers, pulled in 3s (downloaded 6 MB at 2 MB/s)
2024-07-04 01:29:31 - tc.testcontainers/ryuk:0.7.0 - Creating container for image: testcontainers/ryuk:0.7.0
2024-07-04 01:29:31 - tc.testcontainers/ryuk:0.7.0 - Container testcontainers/ryuk:0.7.0 is starting: c2a9e1b012e095f49bc5fa836219ca9a47f829ec5b3da7cac7c5c9e03f563892
2024-07-04 01:29:33 - tc.testcontainers/ryuk:0.7.0 - Container testcontainers/ryuk:0.7.0 started in PT2.0971041S
2024-07-04 01:29:33 - o.t.utility.RyukResourceReaper - Ryuk started - will monitor and terminate Testcontainers containers on JVM exit
2024-07-04 01:29:33 - o.testcontainers.DockerClientFactory - Checking the system...
2024-07-04 01:29:33 - o.testcontainers.DockerClientFactory - ✔︎ Docker server version should be at least 1.6.0
2024-07-04 01:29:33 - tc.localstack/localstack:latest - Pulling docker image: localstack/localstack:latest. Please be patient; this may take some time but only needs to be done once.
2024-07-04 01:29:36 - tc.localstack/localstack:latest - Starting to pull image
2024-07-04 01:29:36 - tc.localstack/localstack:latest - Pulling image layers:  0 pending,  0 downloaded,  0 extracted, (0 bytes/0 bytes)
2024-07-04 01:29:38 - tc.localstack/localstack:latest - Pulling image layers: 26 pending,  1 downloaded,  0 extracted, (7 MB/? MB)
2024-07-04 01:29:39 - tc.localstack/localstack:latest - Pulling image layers: 25 pending,  2 downloaded,  0 extracted, (15 MB/? MB)
2024-07-04 01:29:40 - tc.localstack/localstack:latest - Pulling image layers: 24 pending,  3 downloaded,  0 extracted, (30 MB/? MB)
2024-07-04 01:29:42 - tc.localstack/localstack:latest - Pulling image layers: 23 pending,  4 downloaded,  0 extracted, (46 MB/? MB)
2024-07-04 01:29:44 - tc.localstack/localstack:latest - Pulling image layers: 23 pending,  4 downloaded,  1 extracted, (74 MB/? MB)
2024-07-04 01:29:45 - tc.localstack/localstack:latest - Pulling image layers: 23 pending,  4 downloaded,  2 extracted, (79 MB/? MB)
2024-07-04 01:29:46 - tc.localstack/localstack:latest - Pulling image layers: 22 pending,  5 downloaded,  2 extracted, (97 MB/? MB)
2024-07-04 01:29:47 - tc.localstack/localstack:latest - Pulling image layers: 22 pending,  5 downloaded,  3 extracted, (108 MB/? MB)
2024-07-04 01:29:47 - tc.localstack/localstack:latest - Pulling image layers: 21 pending,  6 downloaded,  3 extracted, (110 MB/? MB)
2024-07-04 01:29:47 - tc.localstack/localstack:latest - Pulling image layers: 21 pending,  6 downloaded,  4 extracted, (110 MB/? MB)
2024-07-04 01:29:48 - tc.localstack/localstack:latest - Pulling image layers: 21 pending,  6 downloaded,  5 extracted, (119 MB/? MB)
2024-07-04 01:29:51 - tc.localstack/localstack:latest - Pulling image layers: 20 pending,  7 downloaded,  5 extracted, (147 MB/? MB)
2024-07-04 01:29:51 - tc.localstack/localstack:latest - Pulling image layers: 19 pending,  8 downloaded,  5 extracted, (154 MB/? MB)
2024-07-04 01:29:52 - tc.localstack/localstack:latest - Pulling image layers: 18 pending,  9 downloaded,  5 extracted, (163 MB/? MB)
2024-07-04 01:29:53 - tc.localstack/localstack:latest - Pulling image layers: 17 pending, 10 downloaded,  5 extracted, (171 MB/? MB)
2024-07-04 01:29:53 - tc.localstack/localstack:latest - Pulling image layers: 16 pending, 11 downloaded,  5 extracted, (171 MB/? MB)
2024-07-04 01:29:54 - tc.localstack/localstack:latest - Pulling image layers: 15 pending, 12 downloaded,  5 extracted, (179 MB/? MB)
2024-07-04 01:29:54 - tc.localstack/localstack:latest - Pulling image layers: 14 pending, 13 downloaded,  5 extracted, (179 MB/? MB)
2024-07-04 01:29:55 - tc.localstack/localstack:latest - Pulling image layers: 13 pending, 14 downloaded,  5 extracted, (189 MB/? MB)
2024-07-04 01:29:56 - tc.localstack/localstack:latest - Pulling image layers: 12 pending, 15 downloaded,  5 extracted, (203 MB/? MB)
2024-07-04 01:29:56 - tc.localstack/localstack:latest - Pulling image layers: 12 pending, 15 downloaded,  6 extracted, (205 MB/? MB)
2024-07-04 01:29:58 - tc.localstack/localstack:latest - Pulling image layers: 11 pending, 16 downloaded,  6 extracted, (225 MB/? MB)
2024-07-04 01:29:59 - tc.localstack/localstack:latest - Pulling image layers: 10 pending, 17 downloaded,  6 extracted, (234 MB/? MB)
2024-07-04 01:30:00 - tc.localstack/localstack:latest - Pulling image layers:  9 pending, 18 downloaded,  6 extracted, (245 MB/? MB)
2024-07-04 01:30:00 - tc.localstack/localstack:latest - Pulling image layers:  9 pending, 18 downloaded,  7 extracted, (246 MB/? MB)
2024-07-04 01:30:00 - tc.localstack/localstack:latest - Pulling image layers:  9 pending, 18 downloaded,  8 extracted, (248 MB/? MB)
2024-07-04 01:30:01 - tc.localstack/localstack:latest - Pulling image layers:  9 pending, 18 downloaded,  9 extracted, (261 MB/? MB)
2024-07-04 01:30:01 - tc.localstack/localstack:latest - Pulling image layers:  9 pending, 18 downloaded, 10 extracted, (264 MB/? MB)
2024-07-04 01:30:01 - tc.localstack/localstack:latest - Pulling image layers:  8 pending, 19 downloaded, 10 extracted, (265 MB/? MB)
2024-07-04 01:30:02 - tc.localstack/localstack:latest - Pulling image layers:  8 pending, 19 downloaded, 11 extracted, (265 MB/? MB)
2024-07-04 01:30:02 - tc.localstack/localstack:latest - Pulling image layers:  7 pending, 20 downloaded, 11 extracted, (265 MB/? MB)
2024-07-04 01:30:02 - tc.localstack/localstack:latest - Pulling image layers:  7 pending, 20 downloaded, 12 extracted, (267 MB/? MB)
2024-07-04 01:30:02 - tc.localstack/localstack:latest - Pulling image layers:  7 pending, 20 downloaded, 13 extracted, (268 MB/? MB)
2024-07-04 01:30:02 - tc.localstack/localstack:latest - Pulling image layers:  7 pending, 20 downloaded, 14 extracted, (271 MB/? MB)
2024-07-04 01:30:03 - tc.localstack/localstack:latest - Pulling image layers:  7 pending, 20 downloaded, 15 extracted, (278 MB/? MB)
2024-07-04 01:30:03 - tc.localstack/localstack:latest - Pulling image layers:  7 pending, 20 downloaded, 16 extracted, (281 MB/? MB)
2024-07-04 01:30:03 - tc.localstack/localstack:latest - Pulling image layers:  7 pending, 20 downloaded, 17 extracted, (282 MB/? MB)
2024-07-04 01:30:03 - tc.localstack/localstack:latest - Pulling image layers:  6 pending, 21 downloaded, 17 extracted, (286 MB/? MB)
2024-07-04 01:30:04 - tc.localstack/localstack:latest - Pulling image layers:  5 pending, 22 downloaded, 17 extracted, (296 MB/? MB)
2024-07-04 01:30:05 - tc.localstack/localstack:latest - Pulling image layers:  4 pending, 23 downloaded, 17 extracted, (306 MB/? MB)
2024-07-04 01:30:06 - tc.localstack/localstack:latest - Pulling image layers:  3 pending, 24 downloaded, 17 extracted, (320 MB/? MB)
2024-07-04 01:30:08 - tc.localstack/localstack:latest - Pulling image layers:  3 pending, 24 downloaded, 18 extracted, (334 MB/? MB)
2024-07-04 01:30:09 - tc.localstack/localstack:latest - Pulling image layers:  2 pending, 25 downloaded, 18 extracted, (344 MB/? MB)
2024-07-04 01:30:15 - tc.localstack/localstack:latest - Pulling image layers:  1 pending, 26 downloaded, 18 extracted, (417 MB/? MB)
2024-07-04 01:30:29 - tc.localstack/localstack:latest - Pulling image layers:  1 pending, 26 downloaded, 19 extracted, (417 MB/? MB)
2024-07-04 01:30:30 - tc.localstack/localstack:latest - Pulling image layers:  1 pending, 26 downloaded, 20 extracted, (417 MB/? MB)
2024-07-04 01:30:30 - tc.localstack/localstack:latest - Pulling image layers:  1 pending, 26 downloaded, 21 extracted, (417 MB/? MB)
2024-07-04 01:30:31 - tc.localstack/localstack:latest - Pulling image layers:  1 pending, 26 downloaded, 22 extracted, (418 MB/? MB)
2024-07-04 01:30:32 - tc.localstack/localstack:latest - Pulling image layers:  1 pending, 26 downloaded, 23 extracted, (418 MB/? MB)
2024-07-04 01:30:33 - tc.localstack/localstack:latest - Pulling image layers:  1 pending, 26 downloaded, 24 extracted, (419 MB/? MB)
2024-07-04 01:30:33 - tc.localstack/localstack:latest - Pulling image layers:  1 pending, 26 downloaded, 25 extracted, (419 MB/? MB)
2024-07-04 01:30:33 - tc.localstack/localstack:latest - Pulling image layers:  1 pending, 26 downloaded, 26 extracted, (419 MB/? MB)
2024-07-04 01:30:33 - tc.localstack/localstack:latest - Pulling image layers:  1 pending, 26 downloaded, 27 extracted, (419 MB/? MB)
2024-07-04 01:30:33 - tc.localstack/localstack:latest - Pull complete. 27 layers, pulled in 57s (downloaded 419 MB at 7 MB/s)
2024-07-04 01:30:33 - tc.localstack/localstack:latest - Image localstack/localstack:latest pull took PT1M0.1643538S
2024-07-04 01:30:33 - tc.localstack/localstack:latest - LOCALSTACK_HOST environment variable set to localhost (to match host-routable address for container)
2024-07-04 01:30:33 - tc.localstack/localstack:latest - Creating container for image: localstack/localstack:latest
2024-07-04 01:30:33 - tc.alpine:3.17 - Pulling docker image: alpine:3.17. Please be patient; this may take some time but only needs to be done once.
2024-07-04 01:30:36 - tc.alpine:3.17 - Starting to pull image
2024-07-04 01:30:36 - tc.alpine:3.17 - Pulling image layers:  0 pending,  0 downloaded,  0 extracted, (0 bytes/0 bytes)
2024-07-04 01:30:38 - tc.alpine:3.17 - Pulling image layers:  0 pending,  1 downloaded,  0 extracted, (2 MB/3 MB)
2024-07-04 01:30:39 - tc.alpine:3.17 - Pulling image layers:  0 pending,  1 downloaded,  1 extracted, (3 MB/3 MB)
2024-07-04 01:30:39 - tc.alpine:3.17 - Image alpine:3.17 pull took PT5.9517226S
2024-07-04 01:30:39 - tc.alpine:3.17 - Pull complete. 1 layers, pulled in 2s (downloaded 3 MB at 1 MB/s)
2024-07-04 01:30:44 - tc.localstack/localstack:latest - Container localstack/localstack:latest is starting: 416ed2714fddaa8bad0dab76715c09f778a94e3fdc3551f8e7bf665c521e2bb8
2024-07-04 01:30:49 - tc.localstack/localstack:latest - Container localstack/localstack:latest started in PT16.057757S
2024-07-04 01:31:14 - o.c.a.m.SqsListenerConsumerTest - Starting SqsListenerConsumerTest using Java 21.0.2 with PID 47848 (started by KIMTAEHYUN in C:\bootWorkSpace\Study\AwsSqsStudy)
2024-07-04 01:31:14 - o.c.a.m.SqsListenerConsumerTest - Running with Spring Boot v3.3.0, Spring v6.1.8
2024-07-04 01:31:14 - o.c.a.m.SqsListenerConsumerTest - No active profile set, falling back to 1 default profile: "default"
2024-07-04 01:31:19 - o.s.w.c.s.GenericWebApplicationContext - Exception encountered during context initialization - cancelling refresh attempt: org.springframework.context.ApplicationContextException: Failed to start bean 'io.awspring.cloud.messaging.internalEndpointRegistryBeanName'
2024-07-04 01:31:21 - o.s.b.a.l.ConditionEvaluationReportLogger - 

Error starting ApplicationContext. To display the condition evaluation report re-run your application with 'debug' enabled.
2024-07-04 01:31:22 - o.s.boot.SpringApplication - Application run failed
org.springframework.context.ApplicationContextException: Failed to start bean 'io.awspring.cloud.messaging.internalEndpointRegistryBeanName'
	at org.springframework.context.support.DefaultLifecycleProcessor.doStart(DefaultLifecycleProcessor.java:291)
	at org.springframework.context.support.DefaultLifecycleProcessor$LifecycleGroup.start(DefaultLifecycleProcessor.java:471)
	at java.base/java.lang.Iterable.forEach(Iterable.java:75)
	at org.springframework.context.support.DefaultLifecycleProcessor.startBeans(DefaultLifecycleProcessor.java:260)
	at org.springframework.context.support.DefaultLifecycleProcessor.onRefresh(DefaultLifecycleProcessor.java:205)
	at org.springframework.context.support.AbstractApplicationContext.finishRefresh(AbstractApplicationContext.java:981)
	at org.springframework.context.support.AbstractApplicationContext.refresh(AbstractApplicationContext.java:627)
	at org.springframework.boot.SpringApplication.refresh(SpringApplication.java:754)
	at org.springframework.boot.SpringApplication.refreshContext(SpringApplication.java:456)
	at org.springframework.boot.SpringApplication.run(SpringApplication.java:335)
	at org.springframework.boot.test.context.SpringBootContextLoader.lambda$loadContext$3(SpringBootContextLoader.java:137)
	at org.springframework.util.function.ThrowingSupplier.get(ThrowingSupplier.java:58)
	at org.springframework.util.function.ThrowingSupplier.get(ThrowingSupplier.java:46)
	at org.springframework.boot.SpringApplication.withHook(SpringApplication.java:1463)
	at org.springframework.boot.test.context.SpringBootContextLoader$ContextLoaderHook.run(SpringBootContextLoader.java:553)
	at org.springframework.boot.test.context.SpringBootContextLoader.loadContext(SpringBootContextLoader.java:137)
	at org.springframework.boot.test.context.SpringBootContextLoader.loadContext(SpringBootContextLoader.java:108)
	at org.springframework.test.context.cache.DefaultCacheAwareContextLoaderDelegate.loadContextInternal(DefaultCacheAwareContextLoaderDelegate.java:225)
	at org.springframework.test.context.cache.DefaultCacheAwareContextLoaderDelegate.loadContext(DefaultCacheAwareContextLoaderDelegate.java:152)
	at org.springframework.test.context.support.DefaultTestContext.getApplicationContext(DefaultTestContext.java:130)
	at org.springframework.test.context.web.ServletTestExecutionListener.setUpRequestContextIfNecessary(ServletTestExecutionListener.java:191)
	at org.springframework.test.context.web.ServletTestExecutionListener.prepareTestInstance(ServletTestExecutionListener.java:130)
	at org.springframework.test.context.TestContextManager.prepareTestInstance(TestContextManager.java:260)
	at org.springframework.test.context.junit.jupiter.SpringExtension.postProcessTestInstance(SpringExtension.java:163)
	at org.junit.jupiter.engine.descriptor.ClassBasedTestDescriptor.lambda$invokeTestInstancePostProcessors$10(ClassBasedTestDescriptor.java:378)
	at org.junit.jupiter.engine.descriptor.ClassBasedTestDescriptor.executeAndMaskThrowable(ClassBasedTestDescriptor.java:383)
	at org.junit.jupiter.engine.descriptor.ClassBasedTestDescriptor.lambda$invokeTestInstancePostProcessors$11(ClassBasedTestDescriptor.java:378)
	at java.base/java.util.stream.ReferencePipeline$3$1.accept(ReferencePipeline.java:197)
	at java.base/java.util.stream.ReferencePipeline$2$1.accept(ReferencePipeline.java:179)
	at java.base/java.util.ArrayList$ArrayListSpliterator.forEachRemaining(ArrayList.java:1708)
	at java.base/java.util.stream.AbstractPipeline.copyInto(AbstractPipeline.java:509)
	at java.base/java.util.stream.AbstractPipeline.wrapAndCopyInto(AbstractPipeline.java:499)
	at java.base/java.util.stream.StreamSpliterators$WrappingSpliterator.forEachRemaining(StreamSpliterators.java:310)
	at java.base/java.util.stream.Streams$ConcatSpliterator.forEachRemaining(Streams.java:735)
	at java.base/java.util.stream.Streams$ConcatSpliterator.forEachRemaining(Streams.java:734)
	at java.base/java.util.stream.ReferencePipeline$Head.forEach(ReferencePipeline.java:762)
	at org.junit.jupiter.engine.descriptor.ClassBasedTestDescriptor.invokeTestInstancePostProcessors(ClassBasedTestDescriptor.java:377)
	at org.junit.jupiter.engine.descriptor.ClassBasedTestDescriptor.lambda$instantiateAndPostProcessTestInstance$6(ClassBasedTestDescriptor.java:290)
	at org.junit.platform.engine.support.hierarchical.ThrowableCollector.execute(ThrowableCollector.java:73)
	at org.junit.jupiter.engine.descriptor.ClassBasedTestDescriptor.instantiateAndPostProcessTestInstance(ClassBasedTestDescriptor.java:289)
	at org.junit.jupiter.engine.descriptor.ClassBasedTestDescriptor.lambda$testInstancesProvider$4(ClassBasedTestDescriptor.java:279)
	at java.base/java.util.Optional.orElseGet(Optional.java:364)
	at org.junit.jupiter.engine.descriptor.ClassBasedTestDescriptor.lambda$testInstancesProvider$5(ClassBasedTestDescriptor.java:278)
	at org.junit.jupiter.engine.execution.TestInstancesProvider.getTestInstances(TestInstancesProvider.java:31)
	at org.junit.jupiter.engine.descriptor.TestMethodTestDescriptor.lambda$prepare$0(TestMethodTestDescriptor.java:106)
	at org.junit.platform.engine.support.hierarchical.ThrowableCollector.execute(ThrowableCollector.java:73)
	at org.junit.jupiter.engine.descriptor.TestMethodTestDescriptor.prepare(TestMethodTestDescriptor.java:105)
	at org.junit.jupiter.engine.descriptor.TestMethodTestDescriptor.prepare(TestMethodTestDescriptor.java:69)
	at org.junit.platform.engine.support.hierarchical.NodeTestTask.lambda$prepare$2(NodeTestTask.java:123)
	at org.junit.platform.engine.support.hierarchical.ThrowableCollector.execute(ThrowableCollector.java:73)
	at org.junit.platform.engine.support.hierarchical.NodeTestTask.prepare(NodeTestTask.java:123)
	at org.junit.platform.engine.support.hierarchical.NodeTestTask.execute(NodeTestTask.java:90)
	at java.base/java.util.ArrayList.forEach(ArrayList.java:1596)
	at org.junit.platform.engine.support.hierarchical.SameThreadHierarchicalTestExecutorService.invokeAll(SameThreadHierarchicalTestExecutorService.java:41)
	at org.junit.platform.engine.support.hierarchical.NodeTestTask.lambda$executeRecursively$6(NodeTestTask.java:155)
	at org.junit.platform.engine.support.hierarchical.ThrowableCollector.execute(ThrowableCollector.java:73)
	at org.junit.platform.engine.support.hierarchical.NodeTestTask.lambda$executeRecursively$8(NodeTestTask.java:141)
	at org.junit.platform.engine.support.hierarchical.Node.around(Node.java:137)
	at org.junit.platform.engine.support.hierarchical.NodeTestTask.lambda$executeRecursively$9(NodeTestTask.java:139)
	at org.junit.platform.engine.support.hierarchical.ThrowableCollector.execute(ThrowableCollector.java:73)
	at org.junit.platform.engine.support.hierarchical.NodeTestTask.executeRecursively(NodeTestTask.java:138)
	at org.junit.platform.engine.support.hierarchical.NodeTestTask.execute(NodeTestTask.java:95)
	at java.base/java.util.ArrayList.forEach(ArrayList.java:1596)
	at org.junit.platform.engine.support.hierarchical.SameThreadHierarchicalTestExecutorService.invokeAll(SameThreadHierarchicalTestExecutorService.java:41)
	at org.junit.platform.engine.support.hierarchical.NodeTestTask.lambda$executeRecursively$6(NodeTestTask.java:155)
	at org.junit.platform.engine.support.hierarchical.ThrowableCollector.execute(ThrowableCollector.java:73)
	at org.junit.platform.engine.support.hierarchical.NodeTestTask.lambda$executeRecursively$8(NodeTestTask.java:141)
	at org.junit.platform.engine.support.hierarchical.Node.around(Node.java:137)
	at org.junit.platform.engine.support.hierarchical.NodeTestTask.lambda$executeRecursively$9(NodeTestTask.java:139)
	at org.junit.platform.engine.support.hierarchical.ThrowableCollector.execute(ThrowableCollector.java:73)
	at org.junit.platform.engine.support.hierarchical.NodeTestTask.executeRecursively(NodeTestTask.java:138)
	at org.junit.platform.engine.support.hierarchical.NodeTestTask.execute(NodeTestTask.java:95)
	at org.junit.platform.engine.support.hierarchical.SameThreadHierarchicalTestExecutorService.submit(SameThreadHierarchicalTestExecutorService.java:35)
	at org.junit.platform.engine.support.hierarchical.HierarchicalTestExecutor.execute(HierarchicalTestExecutor.java:57)
	at org.junit.platform.engine.support.hierarchical.HierarchicalTestEngine.execute(HierarchicalTestEngine.java:54)
	at org.junit.platform.launcher.core.EngineExecutionOrchestrator.execute(EngineExecutionOrchestrator.java:198)
	at org.junit.platform.launcher.core.EngineExecutionOrchestrator.execute(EngineExecutionOrchestrator.java:169)
	at org.junit.platform.launcher.core.EngineExecutionOrchestrator.execute(EngineExecutionOrchestrator.java:93)
	at org.junit.platform.launcher.core.EngineExecutionOrchestrator.lambda$execute$0(EngineExecutionOrchestrator.java:58)
	at org.junit.platform.launcher.core.EngineExecutionOrchestrator.withInterceptedStreams(EngineExecutionOrchestrator.java:141)
	at org.junit.platform.launcher.core.EngineExecutionOrchestrator.execute(EngineExecutionOrchestrator.java:57)
	at org.junit.platform.launcher.core.DefaultLauncher.execute(DefaultLauncher.java:103)
	at org.junit.platform.launcher.core.DefaultLauncher.execute(DefaultLauncher.java:85)
	at org.junit.platform.launcher.core.DelegatingLauncher.execute(DelegatingLauncher.java:47)
	at org.gradle.api.internal.tasks.testing.junitplatform.JUnitPlatformTestClassProcessor$CollectAllTestClassesExecutor.processAllTestClasses(JUnitPlatformTestClassProcessor.java:119)
	at org.gradle.api.internal.tasks.testing.junitplatform.JUnitPlatformTestClassProcessor$CollectAllTestClassesExecutor.access$000(JUnitPlatformTestClassProcessor.java:94)
	at org.gradle.api.internal.tasks.testing.junitplatform.JUnitPlatformTestClassProcessor.stop(JUnitPlatformTestClassProcessor.java:89)
	at org.gradle.api.internal.tasks.testing.SuiteTestClassProcessor.stop(SuiteTestClassProcessor.java:62)
	at java.base/jdk.internal.reflect.DirectMethodHandleAccessor.invoke(DirectMethodHandleAccessor.java:103)
	at java.base/java.lang.reflect.Method.invoke(Method.java:580)
	at org.gradle.internal.dispatch.ReflectionDispatch.dispatch(ReflectionDispatch.java:36)
	at org.gradle.internal.dispatch.ReflectionDispatch.dispatch(ReflectionDispatch.java:24)
	at org.gradle.internal.dispatch.ContextClassLoaderDispatch.dispatch(ContextClassLoaderDispatch.java:33)
	at org.gradle.internal.dispatch.ProxyDispatchAdapter$DispatchingInvocationHandler.invoke(ProxyDispatchAdapter.java:94)
	at jdk.proxy1/jdk.proxy1.$Proxy2.stop(Unknown Source)
	at org.gradle.api.internal.tasks.testing.worker.TestWorker$3.run(TestWorker.java:193)
	at org.gradle.api.internal.tasks.testing.worker.TestWorker.executeAndMaintainThreadName(TestWorker.java:129)
	at org.gradle.api.internal.tasks.testing.worker.TestWorker.execute(TestWorker.java:100)
	at org.gradle.api.internal.tasks.testing.worker.TestWorker.execute(TestWorker.java:60)
	at org.gradle.process.internal.worker.child.ActionExecutionWorker.execute(ActionExecutionWorker.java:56)
	at org.gradle.process.internal.worker.child.SystemApplicationClassLoaderWorker.call(SystemApplicationClassLoaderWorker.java:113)
	at org.gradle.process.internal.worker.child.SystemApplicationClassLoaderWorker.call(SystemApplicationClassLoaderWorker.java:65)
	at worker.org.gradle.process.internal.worker.GradleWorkerMain.run(GradleWorkerMain.java:69)
	at worker.org.gradle.process.internal.worker.GradleWorkerMain.main(GradleWorkerMain.java:74)
Caused by: java.util.concurrent.CompletionException: io.awspring.cloud.sqs.QueueAttributesResolvingException: Error resolving attributes for queue test-queue with strategy FAIL and queueAttributesNames []
	at java.base/java.util.concurrent.CompletableFuture.encodeRelay(CompletableFuture.java:368)
	at java.base/java.util.concurrent.CompletableFuture.uniComposeStage(CompletableFuture.java:1189)
	at java.base/java.util.concurrent.CompletableFuture.thenCompose(CompletableFuture.java:2341)
	at io.awspring.cloud.sqs.CompletableFutures.exceptionallyCompose(CompletableFutures.java:58)
	at io.awspring.cloud.sqs.QueueAttributesResolver.resolveQueueAttributes(QueueAttributesResolver.java:81)
	at io.awspring.cloud.sqs.listener.source.AbstractSqsMessageSource.resolveQueueAttributes(AbstractSqsMessageSource.java:139)
	at io.awspring.cloud.sqs.listener.source.AbstractSqsMessageSource.doStart(AbstractSqsMessageSource.java:116)
	at io.awspring.cloud.sqs.listener.source.AbstractPollingMessageSource.start(AbstractPollingMessageSource.java:186)
	at io.awspring.cloud.sqs.LifecycleHandler.lambda$manageLifecycle$4(LifecycleHandler.java:76)
	at java.base/java.util.Spliterators$ArraySpliterator.forEachRemaining(Spliterators.java:1024)
	at java.base/java.util.stream.ReferencePipeline$Head.forEach(ReferencePipeline.java:762)
	at io.awspring.cloud.sqs.LifecycleHandler.manageLifecycle(LifecycleHandler.java:74)
	at io.awspring.cloud.sqs.LifecycleHandler.lambda$manageLifecycle$0(LifecycleHandler.java:81)
	at java.base/java.util.concurrent.CompletableFuture$AsyncRun.run(CompletableFuture.java:1804)
	at java.base/java.lang.Thread.run(Thread.java:1583)
Caused by: io.awspring.cloud.sqs.QueueAttributesResolvingException: Error resolving attributes for queue test-queue with strategy FAIL and queueAttributesNames []
	at io.awspring.cloud.sqs.QueueAttributesResolver.wrapException(QueueAttributesResolver.java:90)
	at java.base/java.util.concurrent.CompletableFuture.uniExceptionally(CompletableFuture.java:990)
	at java.base/java.util.concurrent.CompletableFuture.uniExceptionallyStage(CompletableFuture.java:1008)
	at java.base/java.util.concurrent.CompletableFuture.exceptionally(CompletableFuture.java:2396)
	at io.awspring.cloud.sqs.CompletableFutures.exceptionallyCompose(CompletableFutures.java:57)
	... 11 common frames omitted
Caused by: software.amazon.awssdk.core.exception.SdkClientException: Unable to load credentials from system settings. Access key must be specified either via environment variable (AWS_ACCESS_KEY_ID) or system property (aws.accessKeyId).
	at software.amazon.awssdk.core.exception.SdkClientException$BuilderImpl.build(SdkClientException.java:111)
	at software.amazon.awssdk.auth.credentials.internal.SystemSettingsCredentialsProvider.resolveCredentials(SystemSettingsCredentialsProvider.java:60)
	at software.amazon.awssdk.auth.credentials.AwsCredentialsProvider.resolveIdentity(AwsCredentialsProvider.java:54)
	at software.amazon.awssdk.services.sqs.auth.scheme.internal.SqsAuthSchemeInterceptor.lambda$trySelectAuthScheme$4(SqsAuthSchemeInterceptor.java:132)
	at software.amazon.awssdk.core.internal.util.MetricUtils.reportDuration(MetricUtils.java:77)
	at software.amazon.awssdk.services.sqs.auth.scheme.internal.SqsAuthSchemeInterceptor.trySelectAuthScheme(SqsAuthSchemeInterceptor.java:132)
	at software.amazon.awssdk.services.sqs.auth.scheme.internal.SqsAuthSchemeInterceptor.selectAuthScheme(SqsAuthSchemeInterceptor.java:81)
	at software.amazon.awssdk.services.sqs.auth.scheme.internal.SqsAuthSchemeInterceptor.beforeExecution(SqsAuthSchemeInterceptor.java:61)
	at software.amazon.awssdk.core.interceptor.ExecutionInterceptorChain.lambda$beforeExecution$1(ExecutionInterceptorChain.java:59)
	at java.base/java.util.ArrayList.forEach(ArrayList.java:1596)
	at software.amazon.awssdk.core.interceptor.ExecutionInterceptorChain.beforeExecution(ExecutionInterceptorChain.java:59)
	at software.amazon.awssdk.awscore.internal.AwsExecutionContextBuilder.runInitialInterceptors(AwsExecutionContextBuilder.java:241)
	at software.amazon.awssdk.awscore.internal.AwsExecutionContextBuilder.invokeInterceptorsAndCreateExecutionContext(AwsExecutionContextBuilder.java:132)
	at software.amazon.awssdk.awscore.client.handler.AwsAsyncClientHandler.invokeInterceptorsAndCreateExecutionContext(AwsAsyncClientHandler.java:63)
	at software.amazon.awssdk.core.internal.handler.BaseAsyncClientHandler.lambda$execute$1(BaseAsyncClientHandler.java:75)
	at software.amazon.awssdk.core.internal.handler.BaseAsyncClientHandler.measureApiCallSuccess(BaseAsyncClientHandler.java:294)
	at software.amazon.awssdk.core.internal.handler.BaseAsyncClientHandler.execute(BaseAsyncClientHandler.java:73)
	at software.amazon.awssdk.awscore.client.handler.AwsAsyncClientHandler.execute(AwsAsyncClientHandler.java:49)
	at software.amazon.awssdk.services.sqs.DefaultSqsAsyncClient.getQueueUrl(DefaultSqsAsyncClient.java:1301)
	at io.awspring.cloud.sqs.QueueAttributesResolver.doResolveQueueUrl(QueueAttributesResolver.java:110)
	at io.awspring.cloud.sqs.QueueAttributesResolver.resolveQueueUrl(QueueAttributesResolver.java:96)
	... 11 common frames omitted
2024-07-04 01:31:22 - o.s.test.context.TestContextManager - Caught exception while allowing TestExecutionListener [org.springframework.test.context.web.ServletTestExecutionListener] to prepare test instance [org.codingdreamtree.awssqsstudy.message.SqsListenerConsumerTest@37f71e8]
java.lang.IllegalStateException: Failed to load ApplicationContext for [WebMergedContextConfiguration@59831016 testClass = org.codingdreamtree.awssqsstudy.message.SqsListenerConsumerTest, locations = [], classes = [org.codingdreamtree.awssqsstudy.AwsSqsStudyApplication], contextInitializerClasses = [], activeProfiles = [], propertySourceDescriptors = [], propertySourceProperties = ["org.springframework.boot.test.context.SpringBootTestContextBootstrapper=true"], contextCustomizers = [org.springframework.boot.testcontainers.service.connection.ServiceConnectionContextCustomizer@0, org.springframework.boot.test.autoconfigure.actuate.observability.ObservabilityContextCustomizerFactory$DisableObservabilityContextCustomizer@1f, org.springframework.boot.test.autoconfigure.properties.PropertyMappingContextCustomizer@0, org.springframework.boot.test.autoconfigure.web.servlet.WebDriverContextCustomizer@35293c05, org.springframework.boot.test.context.filter.ExcludeFilterContextCustomizer@7adbd080, org.springframework.boot.test.json.DuplicateJsonObjectContextCustomizerFactory$DuplicateJsonObjectContextCustomizer@352c308, org.springframework.boot.test.mock.mockito.MockitoContextCustomizer@0, org.springframework.boot.test.web.client.TestRestTemplateContextCustomizer@287f94b1, org.springframework.test.context.support.DynamicPropertiesContextCustomizer@c28aea93, org.springframework.boot.test.context.SpringBootTestAnnotation@b45518ff], resourceBasePath = "src/main/webapp", contextLoader = org.springframework.boot.test.context.SpringBootContextLoader, parent = null]
	at org.springframework.test.context.cache.DefaultCacheAwareContextLoaderDelegate.loadContext(DefaultCacheAwareContextLoaderDelegate.java:180)
	at org.springframework.test.context.support.DefaultTestContext.getApplicationContext(DefaultTestContext.java:130)
	at org.springframework.test.context.web.ServletTestExecutionListener.setUpRequestContextIfNecessary(ServletTestExecutionListener.java:191)
	at org.springframework.test.context.web.ServletTestExecutionListener.prepareTestInstance(ServletTestExecutionListener.java:130)
	at org.springframework.test.context.TestContextManager.prepareTestInstance(TestContextManager.java:260)
	at org.springframework.test.context.junit.jupiter.SpringExtension.postProcessTestInstance(SpringExtension.java:163)
	at org.junit.jupiter.engine.descriptor.ClassBasedTestDescriptor.lambda$invokeTestInstancePostProcessors$10(ClassBasedTestDescriptor.java:378)
	at org.junit.jupiter.engine.descriptor.ClassBasedTestDescriptor.executeAndMaskThrowable(ClassBasedTestDescriptor.java:383)
	at org.junit.jupiter.engine.descriptor.ClassBasedTestDescriptor.lambda$invokeTestInstancePostProcessors$11(ClassBasedTestDescriptor.java:378)
	at java.base/java.util.stream.ReferencePipeline$3$1.accept(ReferencePipeline.java:197)
	at java.base/java.util.stream.ReferencePipeline$2$1.accept(ReferencePipeline.java:179)
	at java.base/java.util.ArrayList$ArrayListSpliterator.forEachRemaining(ArrayList.java:1708)
	at java.base/java.util.stream.AbstractPipeline.copyInto(AbstractPipeline.java:509)
	at java.base/java.util.stream.AbstractPipeline.wrapAndCopyInto(AbstractPipeline.java:499)
	at java.base/java.util.stream.StreamSpliterators$WrappingSpliterator.forEachRemaining(StreamSpliterators.java:310)
	at java.base/java.util.stream.Streams$ConcatSpliterator.forEachRemaining(Streams.java:735)
	at java.base/java.util.stream.Streams$ConcatSpliterator.forEachRemaining(Streams.java:734)
	at java.base/java.util.stream.ReferencePipeline$Head.forEach(ReferencePipeline.java:762)
	at org.junit.jupiter.engine.descriptor.ClassBasedTestDescriptor.invokeTestInstancePostProcessors(ClassBasedTestDescriptor.java:377)
	at org.junit.jupiter.engine.descriptor.ClassBasedTestDescriptor.lambda$instantiateAndPostProcessTestInstance$6(ClassBasedTestDescriptor.java:290)
	at org.junit.platform.engine.support.hierarchical.ThrowableCollector.execute(ThrowableCollector.java:73)
	at org.junit.jupiter.engine.descriptor.ClassBasedTestDescriptor.instantiateAndPostProcessTestInstance(ClassBasedTestDescriptor.java:289)
	at org.junit.jupiter.engine.descriptor.ClassBasedTestDescriptor.lambda$testInstancesProvider$4(ClassBasedTestDescriptor.java:279)
	at java.base/java.util.Optional.orElseGet(Optional.java:364)
	at org.junit.jupiter.engine.descriptor.ClassBasedTestDescriptor.lambda$testInstancesProvider$5(ClassBasedTestDescriptor.java:278)
	at org.junit.jupiter.engine.execution.TestInstancesProvider.getTestInstances(TestInstancesProvider.java:31)
	at org.junit.jupiter.engine.descriptor.TestMethodTestDescriptor.lambda$prepare$0(TestMethodTestDescriptor.java:106)
	at org.junit.platform.engine.support.hierarchical.ThrowableCollector.execute(ThrowableCollector.java:73)
	at org.junit.jupiter.engine.descriptor.TestMethodTestDescriptor.prepare(TestMethodTestDescriptor.java:105)
	at org.junit.jupiter.engine.descriptor.TestMethodTestDescriptor.prepare(TestMethodTestDescriptor.java:69)
	at org.junit.platform.engine.support.hierarchical.NodeTestTask.lambda$prepare$2(NodeTestTask.java:123)
	at org.junit.platform.engine.support.hierarchical.ThrowableCollector.execute(ThrowableCollector.java:73)
	at org.junit.platform.engine.support.hierarchical.NodeTestTask.prepare(NodeTestTask.java:123)
	at org.junit.platform.engine.support.hierarchical.NodeTestTask.execute(NodeTestTask.java:90)
	at java.base/java.util.ArrayList.forEach(ArrayList.java:1596)
	at org.junit.platform.engine.support.hierarchical.SameThreadHierarchicalTestExecutorService.invokeAll(SameThreadHierarchicalTestExecutorService.java:41)
	at org.junit.platform.engine.support.hierarchical.NodeTestTask.lambda$executeRecursively$6(NodeTestTask.java:155)
	at org.junit.platform.engine.support.hierarchical.ThrowableCollector.execute(ThrowableCollector.java:73)
	at org.junit.platform.engine.support.hierarchical.NodeTestTask.lambda$executeRecursively$8(NodeTestTask.java:141)
	at org.junit.platform.engine.support.hierarchical.Node.around(Node.java:137)
	at org.junit.platform.engine.support.hierarchical.NodeTestTask.lambda$executeRecursively$9(NodeTestTask.java:139)
	at org.junit.platform.engine.support.hierarchical.ThrowableCollector.execute(ThrowableCollector.java:73)
	at org.junit.platform.engine.support.hierarchical.NodeTestTask.executeRecursively(NodeTestTask.java:138)
	at org.junit.platform.engine.support.hierarchical.NodeTestTask.execute(NodeTestTask.java:95)
	at java.base/java.util.ArrayList.forEach(ArrayList.java:1596)
	at org.junit.platform.engine.support.hierarchical.SameThreadHierarchicalTestExecutorService.invokeAll(SameThreadHierarchicalTestExecutorService.java:41)
	at org.junit.platform.engine.support.hierarchical.NodeTestTask.lambda$executeRecursively$6(NodeTestTask.java:155)
	at org.junit.platform.engine.support.hierarchical.ThrowableCollector.execute(ThrowableCollector.java:73)
	at org.junit.platform.engine.support.hierarchical.NodeTestTask.lambda$executeRecursively$8(NodeTestTask.java:141)
	at org.junit.platform.engine.support.hierarchical.Node.around(Node.java:137)
	at org.junit.platform.engine.support.hierarchical.NodeTestTask.lambda$executeRecursively$9(NodeTestTask.java:139)
	at org.junit.platform.engine.support.hierarchical.ThrowableCollector.execute(ThrowableCollector.java:73)
	at org.junit.platform.engine.support.hierarchical.NodeTestTask.executeRecursively(NodeTestTask.java:138)
	at org.junit.platform.engine.support.hierarchical.NodeTestTask.execute(NodeTestTask.java:95)
	at org.junit.platform.engine.support.hierarchical.SameThreadHierarchicalTestExecutorService.submit(SameThreadHierarchicalTestExecutorService.java:35)
	at org.junit.platform.engine.support.hierarchical.HierarchicalTestExecutor.execute(HierarchicalTestExecutor.java:57)
	at org.junit.platform.engine.support.hierarchical.HierarchicalTestEngine.execute(HierarchicalTestEngine.java:54)
	at org.junit.platform.launcher.core.EngineExecutionOrchestrator.execute(EngineExecutionOrchestrator.java:198)
	at org.junit.platform.launcher.core.EngineExecutionOrchestrator.execute(EngineExecutionOrchestrator.java:169)
	at org.junit.platform.launcher.core.EngineExecutionOrchestrator.execute(EngineExecutionOrchestrator.java:93)
	at org.junit.platform.launcher.core.EngineExecutionOrchestrator.lambda$execute$0(EngineExecutionOrchestrator.java:58)
	at org.junit.platform.launcher.core.EngineExecutionOrchestrator.withInterceptedStreams(EngineExecutionOrchestrator.java:141)
	at org.junit.platform.launcher.core.EngineExecutionOrchestrator.execute(EngineExecutionOrchestrator.java:57)
	at org.junit.platform.launcher.core.DefaultLauncher.execute(DefaultLauncher.java:103)
	at org.junit.platform.launcher.core.DefaultLauncher.execute(DefaultLauncher.java:85)
	at org.junit.platform.launcher.core.DelegatingLauncher.execute(DelegatingLauncher.java:47)
	at org.gradle.api.internal.tasks.testing.junitplatform.JUnitPlatformTestClassProcessor$CollectAllTestClassesExecutor.processAllTestClasses(JUnitPlatformTestClassProcessor.java:119)
	at org.gradle.api.internal.tasks.testing.junitplatform.JUnitPlatformTestClassProcessor$CollectAllTestClassesExecutor.access$000(JUnitPlatformTestClassProcessor.java:94)
	at org.gradle.api.internal.tasks.testing.junitplatform.JUnitPlatformTestClassProcessor.stop(JUnitPlatformTestClassProcessor.java:89)
	at org.gradle.api.internal.tasks.testing.SuiteTestClassProcessor.stop(SuiteTestClassProcessor.java:62)
	at java.base/jdk.internal.reflect.DirectMethodHandleAccessor.invoke(DirectMethodHandleAccessor.java:103)
	at java.base/java.lang.reflect.Method.invoke(Method.java:580)
	at org.gradle.internal.dispatch.ReflectionDispatch.dispatch(ReflectionDispatch.java:36)
	at org.gradle.internal.dispatch.ReflectionDispatch.dispatch(ReflectionDispatch.java:24)
	at org.gradle.internal.dispatch.ContextClassLoaderDispatch.dispatch(ContextClassLoaderDispatch.java:33)
	at org.gradle.internal.dispatch.ProxyDispatchAdapter$DispatchingInvocationHandler.invoke(ProxyDispatchAdapter.java:94)
	at jdk.proxy1/jdk.proxy1.$Proxy2.stop(Unknown Source)
	at org.gradle.api.internal.tasks.testing.worker.TestWorker$3.run(TestWorker.java:193)
	at org.gradle.api.internal.tasks.testing.worker.TestWorker.executeAndMaintainThreadName(TestWorker.java:129)
	at org.gradle.api.internal.tasks.testing.worker.TestWorker.execute(TestWorker.java:100)
	at org.gradle.api.internal.tasks.testing.worker.TestWorker.execute(TestWorker.java:60)
	at org.gradle.process.internal.worker.child.ActionExecutionWorker.execute(ActionExecutionWorker.java:56)
	at org.gradle.process.internal.worker.child.SystemApplicationClassLoaderWorker.call(SystemApplicationClassLoaderWorker.java:113)
	at org.gradle.process.internal.worker.child.SystemApplicationClassLoaderWorker.call(SystemApplicationClassLoaderWorker.java:65)
	at worker.org.gradle.process.internal.worker.GradleWorkerMain.run(GradleWorkerMain.java:69)
	at worker.org.gradle.process.internal.worker.GradleWorkerMain.main(GradleWorkerMain.java:74)
Caused by: org.springframework.context.ApplicationContextException: Failed to start bean 'io.awspring.cloud.messaging.internalEndpointRegistryBeanName'
	at org.springframework.context.support.DefaultLifecycleProcessor.doStart(DefaultLifecycleProcessor.java:291)
	at org.springframework.context.support.DefaultLifecycleProcessor$LifecycleGroup.start(DefaultLifecycleProcessor.java:471)
	at java.base/java.lang.Iterable.forEach(Iterable.java:75)
	at org.springframework.context.support.DefaultLifecycleProcessor.startBeans(DefaultLifecycleProcessor.java:260)
	at org.springframework.context.support.DefaultLifecycleProcessor.onRefresh(DefaultLifecycleProcessor.java:205)
	at org.springframework.context.support.AbstractApplicationContext.finishRefresh(AbstractApplicationContext.java:981)
	at org.springframework.context.support.AbstractApplicationContext.refresh(AbstractApplicationContext.java:627)
	at org.springframework.boot.SpringApplication.refresh(SpringApplication.java:754)
	at org.springframework.boot.SpringApplication.refreshContext(SpringApplication.java:456)
	at org.springframework.boot.SpringApplication.run(SpringApplication.java:335)
	at org.springframework.boot.test.context.SpringBootContextLoader.lambda$loadContext$3(SpringBootContextLoader.java:137)
	at org.springframework.util.function.ThrowingSupplier.get(ThrowingSupplier.java:58)
	at org.springframework.util.function.ThrowingSupplier.get(ThrowingSupplier.java:46)
	at org.springframework.boot.SpringApplication.withHook(SpringApplication.java:1463)
	at org.springframework.boot.test.context.SpringBootContextLoader$ContextLoaderHook.run(SpringBootContextLoader.java:553)
	at org.springframework.boot.test.context.SpringBootContextLoader.loadContext(SpringBootContextLoader.java:137)
	at org.springframework.boot.test.context.SpringBootContextLoader.loadContext(SpringBootContextLoader.java:108)
	at org.springframework.test.context.cache.DefaultCacheAwareContextLoaderDelegate.loadContextInternal(DefaultCacheAwareContextLoaderDelegate.java:225)
	at org.springframework.test.context.cache.DefaultCacheAwareContextLoaderDelegate.loadContext(DefaultCacheAwareContextLoaderDelegate.java:152)
	... 85 common frames omitted
Caused by: java.util.concurrent.CompletionException: io.awspring.cloud.sqs.QueueAttributesResolvingException: Error resolving attributes for queue test-queue with strategy FAIL and queueAttributesNames []
	at java.base/java.util.concurrent.CompletableFuture.encodeRelay(CompletableFuture.java:368)
	at java.base/java.util.concurrent.CompletableFuture.uniComposeStage(CompletableFuture.java:1189)
	at java.base/java.util.concurrent.CompletableFuture.thenCompose(CompletableFuture.java:2341)
	at io.awspring.cloud.sqs.CompletableFutures.exceptionallyCompose(CompletableFutures.java:58)
	at io.awspring.cloud.sqs.QueueAttributesResolver.resolveQueueAttributes(QueueAttributesResolver.java:81)
	at io.awspring.cloud.sqs.listener.source.AbstractSqsMessageSource.resolveQueueAttributes(AbstractSqsMessageSource.java:139)
	at io.awspring.cloud.sqs.listener.source.AbstractSqsMessageSource.doStart(AbstractSqsMessageSource.java:116)
	at io.awspring.cloud.sqs.listener.source.AbstractPollingMessageSource.start(AbstractPollingMessageSource.java:186)
	at io.awspring.cloud.sqs.LifecycleHandler.lambda$manageLifecycle$4(LifecycleHandler.java:76)
	at java.base/java.util.Spliterators$ArraySpliterator.forEachRemaining(Spliterators.java:1024)
	at java.base/java.util.stream.ReferencePipeline$Head.forEach(ReferencePipeline.java:762)
	at io.awspring.cloud.sqs.LifecycleHandler.manageLifecycle(LifecycleHandler.java:74)
	at io.awspring.cloud.sqs.LifecycleHandler.lambda$manageLifecycle$0(LifecycleHandler.java:81)
	at java.base/java.util.concurrent.CompletableFuture$AsyncRun.run(CompletableFuture.java:1804)
	at java.base/java.lang.Thread.run(Thread.java:1583)
Caused by: io.awspring.cloud.sqs.QueueAttributesResolvingException: Error resolving attributes for queue test-queue with strategy FAIL and queueAttributesNames []
	at io.awspring.cloud.sqs.QueueAttributesResolver.wrapException(QueueAttributesResolver.java:90)
	at java.base/java.util.concurrent.CompletableFuture.uniExceptionally(CompletableFuture.java:990)
	at java.base/java.util.concurrent.CompletableFuture.uniExceptionallyStage(CompletableFuture.java:1008)
	at java.base/java.util.concurrent.CompletableFuture.exceptionally(CompletableFuture.java:2396)
	at io.awspring.cloud.sqs.CompletableFutures.exceptionallyCompose(CompletableFutures.java:57)
	... 11 common frames omitted
Caused by: software.amazon.awssdk.core.exception.SdkClientException: Unable to load credentials from system settings. Access key must be specified either via environment variable (AWS_ACCESS_KEY_ID) or system property (aws.accessKeyId).
	at software.amazon.awssdk.core.exception.SdkClientException$BuilderImpl.build(SdkClientException.java:111)
	at software.amazon.awssdk.auth.credentials.internal.SystemSettingsCredentialsProvider.resolveCredentials(SystemSettingsCredentialsProvider.java:60)
	at software.amazon.awssdk.auth.credentials.AwsCredentialsProvider.resolveIdentity(AwsCredentialsProvider.java:54)
	at software.amazon.awssdk.services.sqs.auth.scheme.internal.SqsAuthSchemeInterceptor.lambda$trySelectAuthScheme$4(SqsAuthSchemeInterceptor.java:132)
	at software.amazon.awssdk.core.internal.util.MetricUtils.reportDuration(MetricUtils.java:77)
	at software.amazon.awssdk.services.sqs.auth.scheme.internal.SqsAuthSchemeInterceptor.trySelectAuthScheme(SqsAuthSchemeInterceptor.java:132)
	at software.amazon.awssdk.services.sqs.auth.scheme.internal.SqsAuthSchemeInterceptor.selectAuthScheme(SqsAuthSchemeInterceptor.java:81)
	at software.amazon.awssdk.services.sqs.auth.scheme.internal.SqsAuthSchemeInterceptor.beforeExecution(SqsAuthSchemeInterceptor.java:61)
	at software.amazon.awssdk.core.interceptor.ExecutionInterceptorChain.lambda$beforeExecution$1(ExecutionInterceptorChain.java:59)
	at java.base/java.util.ArrayList.forEach(ArrayList.java:1596)
	at software.amazon.awssdk.core.interceptor.ExecutionInterceptorChain.beforeExecution(ExecutionInterceptorChain.java:59)
	at software.amazon.awssdk.awscore.internal.AwsExecutionContextBuilder.runInitialInterceptors(AwsExecutionContextBuilder.java:241)
	at software.amazon.awssdk.awscore.internal.AwsExecutionContextBuilder.invokeInterceptorsAndCreateExecutionContext(AwsExecutionContextBuilder.java:132)
	at software.amazon.awssdk.awscore.client.handler.AwsAsyncClientHandler.invokeInterceptorsAndCreateExecutionContext(AwsAsyncClientHandler.java:63)
	at software.amazon.awssdk.core.internal.handler.BaseAsyncClientHandler.lambda$execute$1(BaseAsyncClientHandler.java:75)
	at software.amazon.awssdk.core.internal.handler.BaseAsyncClientHandler.measureApiCallSuccess(BaseAsyncClientHandler.java:294)
	at software.amazon.awssdk.core.internal.handler.BaseAsyncClientHandler.execute(BaseAsyncClientHandler.java:73)
	at software.amazon.awssdk.awscore.client.handler.AwsAsyncClientHandler.execute(AwsAsyncClientHandler.java:49)
	at software.amazon.awssdk.services.sqs.DefaultSqsAsyncClient.getQueueUrl(DefaultSqsAsyncClient.java:1301)
	at io.awspring.cloud.sqs.QueueAttributesResolver.doResolveQueueUrl(QueueAttributesResolver.java:110)
	at io.awspring.cloud.sqs.QueueAttributesResolver.resolveQueueUrl(QueueAttributesResolver.java:96)
	... 11 common frames omitted
